###############################################################
#  Generated by:      Cadence Innovus 20.14-s095_1
#  OS:                Linux x86_64(Host ID cad6)
#  Generated on:      Fri Oct 31 19:42:37 2025
#  Design:            csa_multiplier_16bit
#  Command:           verify_drc
###############################################################
#set_verify_drc_mode -check_ndr_spacing auto -check_only default -check_same_via_cell false -disable_rules "" -exclude_pg_net false -ignore_cell_blockage false -ignore_trial_route false -limit 1000 -report csa_multiplier_16bit.drc.rpt -use_min_spacing_on_block_obs auto

SPACING: ( ParallelRunLength Spacing ) Special Wire of Net VSS  ( Metal9 )
Bounds : ( 0.995, 45.490 ) ( 98.185, 45.690 )


SPACING: ( ParallelRunLength Spacing ) Special Wire of Net VSS  ( Metal9 )
Bounds : ( 0.995, 47.490 ) ( 98.185, 47.690 )


SPACING: ( ParallelRunLength Spacing ) Special Wire of Net VSS  ( Metal9 )
Bounds : ( 0.995, 49.490 ) ( 98.185, 49.690 )


SPACING: ( ParallelRunLength Spacing ) Special Wire of Net VSS  ( Metal9 )
Bounds : ( 0.995, 51.490 ) ( 98.185, 51.690 )


SPACING: ( ParallelRunLength Spacing ) Special Wire of Net VSS  ( Metal9 )
Bounds : ( 0.995, 53.490 ) ( 98.185, 53.690 )


SPACING: ( ParallelRunLength Spacing ) Special Wire of Net VSS  ( Metal9 )
Bounds : ( 0.995, 55.490 ) ( 98.185, 55.690 )


SPACING: ( ParallelRunLength Spacing ) Special Wire of Net VSS  ( Metal9 )
Bounds : ( 0.995, 57.490 ) ( 98.185, 57.690 )


SPACING: ( ParallelRunLength Spacing ) Special Wire of Net VSS  ( Metal9 )
Bounds : ( 0.995, 59.490 ) ( 98.185, 59.690 )


SPACING: ( ParallelRunLength Spacing ) Special Wire of Net VSS  ( Metal9 )
Bounds : ( 0.995, 61.490 ) ( 98.185, 61.690 )


SPACING: ( ParallelRunLength Spacing ) Special Wire of Net VSS  ( Metal9 )
Bounds : ( 0.995, 63.490 ) ( 98.185, 63.690 )


SPACING: ( ParallelRunLength Spacing ) Special Wire of Net VSS  ( Metal9 )
Bounds : ( 0.995, 65.490 ) ( 98.185, 65.690 )


SPACING: ( ParallelRunLength Spacing ) Special Wire of Net VSS  ( Metal9 )
Bounds : ( 0.995, 67.490 ) ( 98.185, 67.690 )


SPACING: ( ParallelRunLength Spacing ) Special Wire of Net VSS  ( Metal9 )
Bounds : ( 0.995, 69.490 ) ( 98.185, 69.690 )


SPACING: ( ParallelRunLength Spacing ) Special Wire of Net VSS  ( Metal9 )
Bounds : ( 0.995, 71.490 ) ( 98.185, 71.690 )


SPACING: ( ParallelRunLength Spacing ) Special Wire of Net VSS  ( Metal9 )
Bounds : ( 0.995, 73.490 ) ( 98.185, 73.690 )


SPACING: ( ParallelRunLength Spacing ) Special Wire of Net VSS  ( Metal9 )
Bounds : ( 0.995, 75.490 ) ( 98.185, 75.690 )


SPACING: ( ParallelRunLength Spacing ) Special Wire of Net VSS  ( Metal9 )
Bounds : ( 0.995, 77.490 ) ( 98.185, 77.690 )


SPACING: ( ParallelRunLength Spacing ) Special Wire of Net VSS  ( Metal9 )
Bounds : ( 0.995, 79.490 ) ( 98.185, 79.690 )


SPACING: ( ParallelRunLength Spacing ) Special Wire of Net VSS  ( Metal9 )
Bounds : ( 0.995, 81.490 ) ( 98.185, 81.690 )


SPACING: ( ParallelRunLength Spacing ) Special Wire of Net VSS  ( Metal9 )
Bounds : ( 0.995, 11.490 ) ( 98.185, 11.690 )


SPACING: ( ParallelRunLength Spacing ) Special Wire of Net VSS  ( Metal9 )
Bounds : ( 0.995, 13.490 ) ( 98.185, 13.690 )


SPACING: ( ParallelRunLength Spacing ) Special Wire of Net VSS  ( Metal9 )
Bounds : ( 0.995, 15.490 ) ( 98.185, 15.690 )


SPACING: ( ParallelRunLength Spacing ) Special Wire of Net VSS  ( Metal9 )
Bounds : ( 0.995, 17.490 ) ( 98.185, 17.690 )


SPACING: ( ParallelRunLength Spacing ) Special Wire of Net VSS  ( Metal9 )
Bounds : ( 0.995, 19.490 ) ( 98.185, 19.690 )


SPACING: ( ParallelRunLength Spacing ) Special Wire of Net VSS  ( Metal9 )
Bounds : ( 0.995, 21.490 ) ( 98.185, 21.690 )


SPACING: ( ParallelRunLength Spacing ) Special Wire of Net VSS  ( Metal9 )
Bounds : ( 0.995, 23.490 ) ( 98.185, 23.690 )


SPACING: ( ParallelRunLength Spacing ) Special Wire of Net VSS  ( Metal9 )
Bounds : ( 0.995, 25.490 ) ( 98.185, 25.690 )


SPACING: ( ParallelRunLength Spacing ) Special Wire of Net VSS  ( Metal9 )
Bounds : ( 0.995, 27.490 ) ( 98.185, 27.690 )


SPACING: ( ParallelRunLength Spacing ) Special Wire of Net VSS  ( Metal9 )
Bounds : ( 0.995, 29.490 ) ( 98.185, 29.690 )


SPACING: ( ParallelRunLength Spacing ) Special Wire of Net VSS  ( Metal9 )
Bounds : ( 0.995, 31.490 ) ( 98.185, 31.690 )


SPACING: ( ParallelRunLength Spacing ) Special Wire of Net VSS  ( Metal9 )
Bounds : ( 0.995, 33.490 ) ( 98.185, 33.690 )


SPACING: ( ParallelRunLength Spacing ) Special Wire of Net VSS  ( Metal9 )
Bounds : ( 0.995, 35.490 ) ( 98.185, 35.690 )


SPACING: ( ParallelRunLength Spacing ) Special Wire of Net VSS  ( Metal9 )
Bounds : ( 0.995, 37.490 ) ( 98.185, 37.690 )


SPACING: ( ParallelRunLength Spacing ) Special Wire of Net VSS  ( Metal9 )
Bounds : ( 0.995, 39.490 ) ( 98.185, 39.690 )


SPACING: ( ParallelRunLength Spacing ) Special Wire of Net VSS  ( Metal9 )
Bounds : ( 0.995, 41.490 ) ( 98.185, 41.690 )


SPACING: ( ParallelRunLength Spacing ) Special Wire of Net VSS  ( Metal9 )
Bounds : ( 0.995, 43.490 ) ( 98.185, 43.690 )


SPACING: ( ParallelRunLength Spacing ) Special Wire of Net VSS  ( Metal8 )
Bounds : ( 71.490, 0.995 ) ( 71.690, 89.485 )


SPACING: ( ParallelRunLength Spacing ) Special Wire of Net VSS  ( Metal8 )
Bounds : ( 69.490, 0.995 ) ( 69.690, 89.485 )


SPACING: ( ParallelRunLength Spacing ) Special Wire of Net VSS  ( Metal8 )
Bounds : ( 67.490, 0.995 ) ( 67.690, 89.485 )


SPACING: ( ParallelRunLength Spacing ) Special Wire of Net VSS  ( Metal8 )
Bounds : ( 65.490, 0.995 ) ( 65.690, 89.485 )


SPACING: ( ParallelRunLength Spacing ) Special Wire of Net VSS  ( Metal8 )
Bounds : ( 63.490, 0.995 ) ( 63.690, 89.485 )


SPACING: ( ParallelRunLength Spacing ) Special Wire of Net VSS  ( Metal8 )
Bounds : ( 61.490, 0.995 ) ( 61.690, 89.485 )


SPACING: ( ParallelRunLength Spacing ) Special Wire of Net VSS  ( Metal8 )
Bounds : ( 59.490, 0.995 ) ( 59.690, 89.485 )


SPACING: ( ParallelRunLength Spacing ) Special Wire of Net VSS  ( Metal8 )
Bounds : ( 57.490, 0.995 ) ( 57.690, 89.485 )


SPACING: ( ParallelRunLength Spacing ) Special Wire of Net VSS  ( Metal8 )
Bounds : ( 55.490, 0.995 ) ( 55.690, 89.485 )


SPACING: ( ParallelRunLength Spacing ) Special Wire of Net VSS  ( Metal8 )
Bounds : ( 53.490, 0.995 ) ( 53.690, 89.485 )


SPACING: ( ParallelRunLength Spacing ) Special Wire of Net VSS  ( Metal8 )
Bounds : ( 51.490, 0.995 ) ( 51.690, 89.485 )


SPACING: ( ParallelRunLength Spacing ) Special Wire of Net VSS  ( Metal8 )
Bounds : ( 73.490, 0.995 ) ( 73.690, 89.485 )


SPACING: ( ParallelRunLength Spacing ) Special Wire of Net VSS  ( Metal8 )
Bounds : ( 75.490, 0.995 ) ( 75.690, 89.485 )


SPACING: ( ParallelRunLength Spacing ) Special Wire of Net VSS  ( Metal8 )
Bounds : ( 77.490, 0.995 ) ( 77.690, 89.485 )


SPACING: ( ParallelRunLength Spacing ) Special Wire of Net VSS  ( Metal8 )
Bounds : ( 79.490, 0.995 ) ( 79.690, 89.485 )


SPACING: ( ParallelRunLength Spacing ) Special Wire of Net VSS  ( Metal8 )
Bounds : ( 81.490, 0.995 ) ( 81.690, 89.485 )


SPACING: ( ParallelRunLength Spacing ) Special Wire of Net VSS  ( Metal8 )
Bounds : ( 83.490, 0.995 ) ( 83.690, 89.485 )


SPACING: ( ParallelRunLength Spacing ) Special Wire of Net VSS  ( Metal8 )
Bounds : ( 85.490, 0.995 ) ( 85.690, 89.485 )


SPACING: ( ParallelRunLength Spacing ) Special Wire of Net VSS  ( Metal8 )
Bounds : ( 87.490, 0.995 ) ( 87.690, 89.485 )


SPACING: ( ParallelRunLength Spacing ) Special Wire of Net VSS  ( Metal8 )
Bounds : ( 89.490, 0.995 ) ( 89.690, 89.485 )


SPACING: ( ParallelRunLength Spacing ) Special Wire of Net VSS  ( Metal8 )
Bounds : ( 47.490, 0.995 ) ( 47.690, 89.485 )


SPACING: ( ParallelRunLength Spacing ) Special Wire of Net VSS  ( Metal8 )
Bounds : ( 45.490, 0.995 ) ( 45.690, 89.485 )


SPACING: ( ParallelRunLength Spacing ) Special Wire of Net VSS  ( Metal8 )
Bounds : ( 43.490, 0.995 ) ( 43.690, 89.485 )


SPACING: ( ParallelRunLength Spacing ) Special Wire of Net VSS  ( Metal8 )
Bounds : ( 41.490, 0.995 ) ( 41.690, 89.485 )


SPACING: ( ParallelRunLength Spacing ) Special Wire of Net VSS  ( Metal8 )
Bounds : ( 39.490, 0.995 ) ( 39.690, 89.485 )


SPACING: ( ParallelRunLength Spacing ) Special Wire of Net VSS  ( Metal8 )
Bounds : ( 37.490, 0.995 ) ( 37.690, 89.485 )


SPACING: ( ParallelRunLength Spacing ) Special Wire of Net VSS  ( Metal8 )
Bounds : ( 35.490, 0.995 ) ( 35.690, 89.485 )


SPACING: ( ParallelRunLength Spacing ) Special Wire of Net VSS  ( Metal8 )
Bounds : ( 33.490, 0.995 ) ( 33.690, 89.485 )


SPACING: ( ParallelRunLength Spacing ) Special Wire of Net VSS  ( Metal8 )
Bounds : ( 31.490, 0.995 ) ( 31.690, 89.485 )


SPACING: ( ParallelRunLength Spacing ) Special Wire of Net VSS  ( Metal8 )
Bounds : ( 29.490, 0.995 ) ( 29.690, 89.485 )


SPACING: ( ParallelRunLength Spacing ) Special Wire of Net VSS  ( Metal8 )
Bounds : ( 27.490, 0.995 ) ( 27.690, 89.485 )


SPACING: ( ParallelRunLength Spacing ) Special Wire of Net VSS  ( Metal8 )
Bounds : ( 25.490, 0.995 ) ( 25.690, 89.485 )


SPACING: ( ParallelRunLength Spacing ) Special Wire of Net VSS  ( Metal8 )
Bounds : ( 23.490, 0.995 ) ( 23.690, 89.485 )


SPACING: ( ParallelRunLength Spacing ) Special Wire of Net VSS  ( Metal8 )
Bounds : ( 21.490, 0.995 ) ( 21.690, 89.485 )


SPACING: ( ParallelRunLength Spacing ) Special Wire of Net VSS  ( Metal8 )
Bounds : ( 19.490, 0.995 ) ( 19.690, 89.485 )


SPACING: ( ParallelRunLength Spacing ) Special Wire of Net VSS  ( Metal8 )
Bounds : ( 17.490, 0.995 ) ( 17.690, 89.485 )


SPACING: ( ParallelRunLength Spacing ) Special Wire of Net VSS  ( Metal8 )
Bounds : ( 15.490, 0.995 ) ( 15.690, 89.485 )


SPACING: ( ParallelRunLength Spacing ) Special Wire of Net VSS  ( Metal8 )
Bounds : ( 13.490, 0.995 ) ( 13.690, 89.485 )


SPACING: ( ParallelRunLength Spacing ) Special Wire of Net VSS  ( Metal8 )
Bounds : ( 11.490, 0.995 ) ( 11.690, 89.485 )


SPACING: ( ParallelRunLength Spacing ) Special Wire of Net VSS  ( Metal8 )
Bounds : ( 49.490, 0.995 ) ( 49.690, 89.485 )


  Total Violations : 76 Viols.
